0 verbose cli /opt/homebrew/Cellar/node/25.5.0/bin/node /opt/homebrew/lib/node_modules/npm/bin/npm-cli.js
1 info using npm@11.8.0
2 info using node@v25.5.0
3 silly config load:file:/opt/homebrew/lib/node_modules/npm/npmrc
4 silly config load:file:/Users/dhagevidyasagar/Desktop/turia-clone/.npmrc
5 silly config load:file:/Users/dhagevidyasagar/.npmrc
6 silly config load:file:/opt/homebrew/etc/npmrc
7 verbose title npm exec create-vite@latest ./ --template react-ts
8 verbose argv "exec" "--yes" "--" "create-vite@latest" "./" "--template" "react-ts"
9 verbose logfile logs-max:10 dir:/Users/dhagevidyasagar/Desktop/turia-clone/.npm_cache/_logs/2026-04-20T07_47_28_394Z-
10 verbose logfile /Users/dhagevidyasagar/Desktop/turia-clone/.npm_cache/_logs/2026-04-20T07_47_28_394Z-debug-0.log
11 silly logfile done cleaning log files
12 silly packumentCache heap:2348810240 maxSize:587202560 maxEntrySize:293601280
13 http fetch GET 200 https://registry.npmjs.org/create-vite 126ms (cache miss)
14 silly packumentCache heap:2348810240 maxSize:587202560 maxEntrySize:293601280
15 http fetch GET 200 https://registry.npmjs.org/npm 172ms
16 silly packumentCache heap:2348810240 maxSize:587202560 maxEntrySize:293601280
17 silly idealTree buildDeps
18 silly fetch manifest create-vite@9.0.5
19 silly packumentCache full:https://registry.npmjs.org/create-vite cache-miss
20 http fetch GET 200 https://registry.npmjs.org/create-vite 32ms (cache miss)
21 silly packumentCache full:https://registry.npmjs.org/create-vite set size:undefined disposed:false
22 silly placeDep ROOT create-vite@9.0.5 OK for:  want: 9.0.5
23 silly reify moves {}
24 silly audit bulk request { 'create-vite': [ '9.0.5' ] }
25 http cache create-vite@https://registry.npmjs.org/create-vite/-/create-vite-9.0.5.tgz 0ms (cache hit)
26 silly tarball no local data for create-vite@https://registry.npmjs.org/create-vite/-/create-vite-9.0.5.tgz. Extracting by manifest.
27 http fetch GET 200 https://registry.npmjs.org/create-vite/-/create-vite-9.0.5.tgz 108ms (cache miss)
28 http fetch POST 200 https://registry.npmjs.org/-/npm/v1/security/advisories/bulk 341ms
29 silly audit report {}
